{"/home/akhilesh/Real-time_ChatApplication/server.js": {"path":"/home/akhilesh/Real-time_ChatApplication/server.js","statementMap":{"0":{"start":{"line":1,"column":16},"end":{"line":1,"column":34}},"1":{"start":{"line":2,"column":19},"end":{"line":2,"column":41}},"2":{"start":{"line":3,"column":12},"end":{"line":3,"column":21}},"3":{"start":{"line":4,"column":11},"end":{"line":4,"column":24}},"4":{"start":{"line":5,"column":14},"end":{"line":5,"column":30}},"5":{"start":{"line":6,"column":18},"end":{"line":6,"column":46}},"6":{"start":{"line":7,"column":19},"end":{"line":7,"column":39}},"7":{"start":{"line":8,"column":13},"end":{"line":8,"column":28}},"8":{"start":{"line":9,"column":32},"end":{"line":9,"column":64}},"9":{"start":{"line":10,"column":21},"end":{"line":10,"column":64}},"10":{"start":{"line":11,"column":20},"end":{"line":11,"column":65}},"11":{"start":{"line":12,"column":16},"end":{"line":12,"column":52}},"12":{"start":{"line":13,"column":0},"end":{"line":13,"column":27}},"13":{"start":{"line":16,"column":13},"end":{"line":16,"column":37}},"14":{"start":{"line":21,"column":2},"end":{"line":26,"column":3}},"15":{"start":{"line":22,"column":4},"end":{"line":22,"column":35}},"16":{"start":{"line":23,"column":4},"end":{"line":23,"column":65}},"17":{"start":{"line":25,"column":4},"end":{"line":25,"column":63}},"18":{"start":{"line":30,"column":0},"end":{"line":30,"column":17}},"19":{"start":{"line":33,"column":23},"end":{"line":33,"column":70}},"20":{"start":{"line":34,"column":24},"end":{"line":34,"column":71}},"21":{"start":{"line":37,"column":0},"end":{"line":37,"column":43}},"22":{"start":{"line":38,"column":0},"end":{"line":38,"column":28}},"23":{"start":{"line":41,"column":2},"end":{"line":49,"column":3}},"24":{"start":{"line":42,"column":4},"end":{"line":42,"column":32}},"25":{"start":{"line":43,"column":4},"end":{"line":43,"column":38}},"26":{"start":{"line":44,"column":23},"end":{"line":44,"column":49}},"27":{"start":{"line":45,"column":4},"end":{"line":45,"column":28}},"28":{"start":{"line":46,"column":4},"end":{"line":46,"column":29}},"29":{"start":{"line":48,"column":4},"end":{"line":48,"column":25}},"30":{"start":{"line":52,"column":0},"end":{"line":52,"column":56}},"31":{"start":{"line":56,"column":0},"end":{"line":56,"column":27}},"32":{"start":{"line":59,"column":19},"end":{"line":59,"column":53}},"33":{"start":{"line":60,"column":22},"end":{"line":60,"column":59}},"34":{"start":{"line":63,"column":0},"end":{"line":63,"column":27}},"35":{"start":{"line":66,"column":20},"end":{"line":69,"column":1}},"36":{"start":{"line":71,"column":20},"end":{"line":71,"column":56}},"37":{"start":{"line":74,"column":0},"end":{"line":74,"column":33}},"38":{"start":{"line":75,"column":0},"end":{"line":75,"column":36}},"39":{"start":{"line":78,"column":16},"end":{"line":78,"column":18}},"40":{"start":{"line":80,"column":2},"end":{"line":85,"column":3}},"41":{"start":{"line":81,"column":4},"end":{"line":81,"column":51}},"42":{"start":{"line":82,"column":4},"end":{"line":82,"column":27}},"43":{"start":{"line":84,"column":4},"end":{"line":84,"column":33}},"44":{"start":{"line":88,"column":0},"end":{"line":88,"column":11}},"45":{"start":{"line":90,"column":11},"end":{"line":90,"column":34}},"46":{"start":{"line":93,"column":0},"end":{"line":128,"column":3}},"47":{"start":{"line":94,"column":2},"end":{"line":94,"column":47}},"48":{"start":{"line":97,"column":2},"end":{"line":97,"column":65}},"49":{"start":{"line":97,"column":49},"end":{"line":97,"column":62}},"50":{"start":{"line":99,"column":2},"end":{"line":101,"column":5}},"51":{"start":{"line":100,"column":6},"end":{"line":100,"column":39}},"52":{"start":{"line":104,"column":2},"end":{"line":114,"column":5}},"53":{"start":{"line":105,"column":6},"end":{"line":105,"column":46}},"54":{"start":{"line":106,"column":6},"end":{"line":106,"column":41}},"55":{"start":{"line":107,"column":6},"end":{"line":107,"column":53}},"56":{"start":{"line":108,"column":6},"end":{"line":112,"column":10}},"57":{"start":{"line":113,"column":6},"end":{"line":113,"column":69}},"58":{"start":{"line":117,"column":2},"end":{"line":127,"column":5}},"59":{"start":{"line":118,"column":6},"end":{"line":118,"column":72}},"60":{"start":{"line":119,"column":30},"end":{"line":119,"column":81}},"61":{"start":{"line":119,"column":53},"end":{"line":119,"column":80}},"62":{"start":{"line":120,"column":6},"end":{"line":120,"column":35}},"63":{"start":{"line":121,"column":6},"end":{"line":126,"column":7}},"64":{"start":{"line":122,"column":10},"end":{"line":122,"column":69}},"65":{"start":{"line":123,"column":10},"end":{"line":123,"column":56}},"66":{"start":{"line":125,"column":10},"end":{"line":125,"column":45}},"67":{"start":{"line":130,"column":0},"end":{"line":130,"column":50}},"68":{"start":{"line":132,"column":0},"end":{"line":134,"column":3}},"69":{"start":{"line":133,"column":2},"end":{"line":133,"column":45}},"70":{"start":{"line":142,"column":0},"end":{"line":145,"column":3}},"71":{"start":{"line":143,"column":2},"end":{"line":143,"column":27}},"72":{"start":{"line":144,"column":2},"end":{"line":144,"column":43}},"73":{"start":{"line":148,"column":0},"end":{"line":150,"column":3}},"74":{"start":{"line":149,"column":2},"end":{"line":149,"column":53}}},"fnMap":{"0":{"name":"testConnection","decl":{"start":{"line":20,"column":15},"end":{"line":20,"column":29}},"loc":{"start":{"line":20,"column":32},"end":{"line":27,"column":1}},"line":20},"1":{"name":"setKeyValueInRedis","decl":{"start":{"line":40,"column":15},"end":{"line":40,"column":33}},"loc":{"start":{"line":40,"column":46},"end":{"line":50,"column":1}},"line":40},"2":{"name":"getUsers","decl":{"start":{"line":79,"column":15},"end":{"line":79,"column":23}},"loc":{"start":{"line":79,"column":26},"end":{"line":86,"column":1}},"line":79},"3":{"name":"(anonymous_3)","decl":{"start":{"line":93,"column":20},"end":{"line":93,"column":21}},"loc":{"start":{"line":93,"column":32},"end":{"line":128,"column":1}},"line":93},"4":{"name":"(anonymous_4)","decl":{"start":{"line":97,"column":41},"end":{"line":97,"column":42}},"loc":{"start":{"line":97,"column":49},"end":{"line":97,"column":62}},"line":97},"5":{"name":"(anonymous_5)","decl":{"start":{"line":99,"column":26},"end":{"line":99,"column":27}},"loc":{"start":{"line":99,"column":32},"end":{"line":101,"column":3}},"line":99},"6":{"name":"(anonymous_6)","decl":{"start":{"line":104,"column":30},"end":{"line":104,"column":31}},"loc":{"start":{"line":104,"column":43},"end":{"line":114,"column":3}},"line":104},"7":{"name":"(anonymous_7)","decl":{"start":{"line":117,"column":31},"end":{"line":117,"column":32}},"loc":{"start":{"line":117,"column":59},"end":{"line":127,"column":3}},"line":117},"8":{"name":"(anonymous_8)","decl":{"start":{"line":119,"column":45},"end":{"line":119,"column":46}},"loc":{"start":{"line":119,"column":53},"end":{"line":119,"column":80}},"line":119},"9":{"name":"(anonymous_9)","decl":{"start":{"line":132,"column":13},"end":{"line":132,"column":14}},"loc":{"start":{"line":132,"column":27},"end":{"line":134,"column":1}},"line":132},"10":{"name":"(anonymous_10)","decl":{"start":{"line":142,"column":8},"end":{"line":142,"column":9}},"loc":{"start":{"line":142,"column":33},"end":{"line":145,"column":1}},"line":142},"11":{"name":"(anonymous_11)","decl":{"start":{"line":148,"column":25},"end":{"line":148,"column":26}},"loc":{"start":{"line":148,"column":31},"end":{"line":150,"column":1}},"line":148}},"branchMap":{"0":{"loc":{"start":{"line":16,"column":13},"end":{"line":16,"column":37}},"type":"binary-expr","locations":[{"start":{"line":16,"column":13},"end":{"line":16,"column":29}},{"start":{"line":16,"column":33},"end":{"line":16,"column":37}}],"line":16},"1":{"loc":{"start":{"line":121,"column":6},"end":{"line":126,"column":7}},"type":"if","locations":[{"start":{"line":121,"column":6},"end":{"line":126,"column":7}},{"start":{"line":124,"column":13},"end":{"line":126,"column":7}}],"line":121}},"s":{"0":1,"1":1,"2":1,"3":1,"4":1,"5":1,"6":1,"7":1,"8":1,"9":1,"10":1,"11":1,"12":1,"13":1,"14":1,"15":1,"16":0,"17":0,"18":1,"19":1,"20":1,"21":1,"22":1,"23":1,"24":1,"25":0,"26":0,"27":0,"28":0,"29":0,"30":1,"31":1,"32":1,"33":1,"34":1,"35":1,"36":1,"37":1,"38":1,"39":1,"40":1,"41":1,"42":0,"43":0,"44":1,"45":1,"46":1,"47":0,"48":0,"49":0,"50":0,"51":0,"52":0,"53":0,"54":0,"55":0,"56":0,"57":0,"58":0,"59":0,"60":0,"61":0,"62":0,"63":0,"64":0,"65":0,"66":0,"67":1,"68":1,"69":0,"70":1,"71":0,"72":0,"73":1,"74":0},"f":{"0":1,"1":1,"2":1,"3":0,"4":0,"5":0,"6":0,"7":0,"8":0,"9":0,"10":0,"11":0},"b":{"0":[1,0],"1":[0,0]},"_coverageSchema":"1a1c01bbd47fc00a2c39e90264f33305004495a9","hash":"6d0799b73f43c899794b6579524bc2550e54e155"}
,"/home/akhilesh/Real-time_ChatApplication/config/postgres.js": {"path":"/home/akhilesh/Real-time_ChatApplication/config/postgres.js","statementMap":{"0":{"start":{"line":1,"column":22},"end":{"line":1,"column":42}},"1":{"start":{"line":4,"column":18},"end":{"line":8,"column":2}},"2":{"start":{"line":10,"column":0},"end":{"line":10,"column":27}}},"fnMap":{},"branchMap":{},"s":{"0":2,"1":2,"2":2},"f":{},"b":{},"_coverageSchema":"1a1c01bbd47fc00a2c39e90264f33305004495a9","hash":"31cf4c6e29b28cad428fa323b0c55aecc0207f9f"}
,"/home/akhilesh/Real-time_ChatApplication/src/controllers/authController.js": {"path":"/home/akhilesh/Real-time_ChatApplication/src/controllers/authController.js","statementMap":{"0":{"start":{"line":1,"column":15},"end":{"line":1,"column":32}},"1":{"start":{"line":2,"column":12},"end":{"line":2,"column":35}},"2":{"start":{"line":3,"column":18},"end":{"line":3,"column":48}},"3":{"start":{"line":5,"column":23},"end":{"line":58,"column":1}},"4":{"start":{"line":7,"column":4},"end":{"line":15,"column":5}},"5":{"start":{"line":8,"column":37},"end":{"line":8,"column":45}},"6":{"start":{"line":9,"column":29},"end":{"line":9,"column":60}},"7":{"start":{"line":10,"column":22},"end":{"line":10,"column":84}},"8":{"start":{"line":11,"column":6},"end":{"line":11,"column":84}},"9":{"start":{"line":13,"column":6},"end":{"line":13,"column":35}},"10":{"start":{"line":14,"column":6},"end":{"line":14,"column":63}},"11":{"start":{"line":19,"column":4},"end":{"line":30,"column":5}},"12":{"start":{"line":20,"column":37},"end":{"line":20,"column":45}},"13":{"start":{"line":21,"column":19},"end":{"line":21,"column":67}},"14":{"start":{"line":22,"column":6},"end":{"line":24,"column":7}},"15":{"start":{"line":23,"column":8},"end":{"line":23,"column":79}},"16":{"start":{"line":25,"column":20},"end":{"line":25,"column":94}},"17":{"start":{"line":26,"column":6},"end":{"line":26,"column":26}},"18":{"start":{"line":28,"column":6},"end":{"line":28,"column":35}},"19":{"start":{"line":29,"column":6},"end":{"line":29,"column":63}},"20":{"start":{"line":34,"column":4},"end":{"line":45,"column":5}},"21":{"start":{"line":36,"column":21},"end":{"line":36,"column":31}},"22":{"start":{"line":37,"column":19},"end":{"line":37,"column":94}},"23":{"start":{"line":38,"column":6},"end":{"line":40,"column":7}},"24":{"start":{"line":39,"column":8},"end":{"line":39,"column":65}},"25":{"start":{"line":41,"column":6},"end":{"line":41,"column":21}},"26":{"start":{"line":43,"column":6},"end":{"line":43,"column":35}},"27":{"start":{"line":44,"column":6},"end":{"line":44,"column":63}},"28":{"start":{"line":49,"column":2},"end":{"line":56,"column":3}},"29":{"start":{"line":51,"column":18},"end":{"line":51,"column":43}},"30":{"start":{"line":52,"column":4},"end":{"line":52,"column":32}},"31":{"start":{"line":54,"column":4},"end":{"line":54,"column":33}},"32":{"start":{"line":55,"column":4},"end":{"line":55,"column":61}},"33":{"start":{"line":61,"column":0},"end":{"line":61,"column":32}}},"fnMap":{"0":{"name":"(anonymous_0)","decl":{"start":{"line":6,"column":2},"end":{"line":6,"column":3}},"loc":{"start":{"line":6,"column":27},"end":{"line":16,"column":3}},"line":6},"1":{"name":"(anonymous_1)","decl":{"start":{"line":18,"column":2},"end":{"line":18,"column":3}},"loc":{"start":{"line":18,"column":24},"end":{"line":31,"column":3}},"line":18},"2":{"name":"(anonymous_2)","decl":{"start":{"line":33,"column":2},"end":{"line":33,"column":3}},"loc":{"start":{"line":33,"column":33},"end":{"line":46,"column":3}},"line":33},"3":{"name":"(anonymous_3)","decl":{"start":{"line":48,"column":0},"end":{"line":48,"column":1}},"loc":{"start":{"line":48,"column":28},"end":{"line":57,"column":1}},"line":48}},"branchMap":{"0":{"loc":{"start":{"line":22,"column":6},"end":{"line":24,"column":7}},"type":"if","locations":[{"start":{"line":22,"column":6},"end":{"line":24,"column":7}},{"start":{},"end":{}}],"line":22},"1":{"loc":{"start":{"line":22,"column":10},"end":{"line":22,"column":67}},"type":"binary-expr","locations":[{"start":{"line":22,"column":10},"end":{"line":22,"column":15}},{"start":{"line":22,"column":19},"end":{"line":22,"column":67}}],"line":22},"2":{"loc":{"start":{"line":38,"column":6},"end":{"line":40,"column":7}},"type":"if","locations":[{"start":{"line":38,"column":6},"end":{"line":40,"column":7}},{"start":{},"end":{}}],"line":38}},"s":{"0":1,"1":1,"2":1,"3":1,"4":0,"5":0,"6":0,"7":0,"8":0,"9":0,"10":0,"11":0,"12":0,"13":0,"14":0,"15":0,"16":0,"17":0,"18":0,"19":0,"20":0,"21":0,"22":0,"23":0,"24":0,"25":0,"26":0,"27":0,"28":1,"29":1,"30":0,"31":0,"32":0,"33":1},"f":{"0":0,"1":0,"2":0,"3":1},"b":{"0":[0,0],"1":[0,0],"2":[0,0]},"_coverageSchema":"1a1c01bbd47fc00a2c39e90264f33305004495a9","hash":"cbcbf264cb26fda4ffca18f6a9e2a69fd6dc0242"}
,"/home/akhilesh/Real-time_ChatApplication/src/controllers/messageController.js": {"path":"/home/akhilesh/Real-time_ChatApplication/src/controllers/messageController.js","statementMap":{"0":{"start":{"line":1,"column":16},"end":{"line":1,"column":49}},"1":{"start":{"line":3,"column":26},"end":{"line":24,"column":1}},"2":{"start":{"line":5,"column":4},"end":{"line":12,"column":5}},"3":{"start":{"line":6,"column":49},"end":{"line":6,"column":57}},"4":{"start":{"line":7,"column":25},"end":{"line":7,"column":81}},"5":{"start":{"line":8,"column":6},"end":{"line":8,"column":87}},"6":{"start":{"line":10,"column":6},"end":{"line":10,"column":35}},"7":{"start":{"line":11,"column":6},"end":{"line":11,"column":63}},"8":{"start":{"line":16,"column":4},"end":{"line":22,"column":5}},"9":{"start":{"line":17,"column":23},"end":{"line":17,"column":46}},"10":{"start":{"line":18,"column":6},"end":{"line":18,"column":37}},"11":{"start":{"line":20,"column":6},"end":{"line":20,"column":35}},"12":{"start":{"line":21,"column":6},"end":{"line":21,"column":63}},"13":{"start":{"line":26,"column":0},"end":{"line":26,"column":35}}},"fnMap":{"0":{"name":"(anonymous_0)","decl":{"start":{"line":4,"column":2},"end":{"line":4,"column":3}},"loc":{"start":{"line":4,"column":30},"end":{"line":13,"column":3}},"line":4},"1":{"name":"(anonymous_1)","decl":{"start":{"line":15,"column":2},"end":{"line":15,"column":3}},"loc":{"start":{"line":15,"column":30},"end":{"line":23,"column":3}},"line":15}},"branchMap":{},"s":{"0":1,"1":1,"2":0,"3":0,"4":0,"5":0,"6":0,"7":0,"8":0,"9":0,"10":0,"11":0,"12":0,"13":1},"f":{"0":0,"1":0},"b":{},"_coverageSchema":"1a1c01bbd47fc00a2c39e90264f33305004495a9","hash":"b03f3bfb31f894f88cc45f7ef5a63e42bf5381dc"}
,"/home/akhilesh/Real-time_ChatApplication/src/models/messageModel.js": {"path":"/home/akhilesh/Real-time_ChatApplication/src/models/messageModel.js","statementMap":{"0":{"start":{"line":1,"column":33},"end":{"line":1,"column":53}},"1":{"start":{"line":2,"column":18},"end":{"line":2,"column":50}},"2":{"start":{"line":4,"column":16},"end":{"line":17,"column":2}},"3":{"start":{"line":20,"column":0},"end":{"line":30,"column":7}},"4":{"start":{"line":21,"column":4},"end":{"line":29,"column":5}},"5":{"start":{"line":22,"column":6},"end":{"line":22,"column":37}},"6":{"start":{"line":23,"column":6},"end":{"line":23,"column":89}},"7":{"start":{"line":25,"column":6},"end":{"line":25,"column":27}},"8":{"start":{"line":26,"column":6},"end":{"line":26,"column":66}},"9":{"start":{"line":28,"column":6},"end":{"line":28,"column":65}},"10":{"start":{"line":32,"column":0},"end":{"line":32,"column":25}}},"fnMap":{"0":{"name":"(anonymous_0)","decl":{"start":{"line":20,"column":1},"end":{"line":20,"column":2}},"loc":{"start":{"line":20,"column":13},"end":{"line":30,"column":3}},"line":20}},"branchMap":{},"s":{"0":1,"1":1,"2":1,"3":1,"4":1,"5":1,"6":0,"7":0,"8":0,"9":0,"10":1},"f":{"0":1},"b":{},"_coverageSchema":"1a1c01bbd47fc00a2c39e90264f33305004495a9","hash":"b702973201c70143b0356fca9bf72b45fe8a0a26"}
,"/home/akhilesh/Real-time_ChatApplication/src/models/userModel.js": {"path":"/home/akhilesh/Real-time_ChatApplication/src/models/userModel.js","statementMap":{"0":{"start":{"line":1,"column":22},"end":{"line":1,"column":42}},"1":{"start":{"line":4,"column":18},"end":{"line":4,"column":50}},"2":{"start":{"line":7,"column":13},"end":{"line":17,"column":2}},"3":{"start":{"line":20,"column":0},"end":{"line":30,"column":5}},"4":{"start":{"line":21,"column":2},"end":{"line":29,"column":3}},"5":{"start":{"line":22,"column":4},"end":{"line":22,"column":35}},"6":{"start":{"line":23,"column":4},"end":{"line":23,"column":87}},"7":{"start":{"line":25,"column":4},"end":{"line":25,"column":22}},"8":{"start":{"line":26,"column":4},"end":{"line":26,"column":61}},"9":{"start":{"line":28,"column":4},"end":{"line":28,"column":63}},"10":{"start":{"line":32,"column":0},"end":{"line":32,"column":22}}},"fnMap":{"0":{"name":"(anonymous_0)","decl":{"start":{"line":20,"column":1},"end":{"line":20,"column":2}},"loc":{"start":{"line":20,"column":13},"end":{"line":30,"column":1}},"line":20}},"branchMap":{},"s":{"0":1,"1":1,"2":1,"3":1,"4":1,"5":1,"6":0,"7":0,"8":0,"9":0,"10":1},"f":{"0":1},"b":{},"_coverageSchema":"1a1c01bbd47fc00a2c39e90264f33305004495a9","hash":"f4f3f003440aec55875540f0a5929a39681474fb"}
,"/home/akhilesh/Real-time_ChatApplication/src/routes/authRoutes.js": {"path":"/home/akhilesh/Real-time_ChatApplication/src/routes/authRoutes.js","statementMap":{"0":{"start":{"line":1,"column":16},"end":{"line":1,"column":34}},"1":{"start":{"line":2,"column":15},"end":{"line":2,"column":31}},"2":{"start":{"line":3,"column":23},"end":{"line":3,"column":63}},"3":{"start":{"line":4,"column":18},"end":{"line":4,"column":47}},"4":{"start":{"line":7,"column":0},"end":{"line":7,"column":50}},"5":{"start":{"line":10,"column":0},"end":{"line":10,"column":44}},"6":{"start":{"line":13,"column":0},"end":{"line":13,"column":83}},"7":{"start":{"line":16,"column":0},"end":{"line":16,"column":84}},"8":{"start":{"line":18,"column":0},"end":{"line":18,"column":24}}},"fnMap":{},"branchMap":{},"s":{"0":1,"1":1,"2":1,"3":1,"4":1,"5":1,"6":1,"7":1,"8":1},"f":{},"b":{},"_coverageSchema":"1a1c01bbd47fc00a2c39e90264f33305004495a9","hash":"ff46fa5ed6f659cdb47280fcbb6c60a9d8c79993"}
,"/home/akhilesh/Real-time_ChatApplication/src/routes/massageRoutes.js": {"path":"/home/akhilesh/Real-time_ChatApplication/src/routes/massageRoutes.js","statementMap":{"0":{"start":{"line":1,"column":16},"end":{"line":1,"column":34}},"1":{"start":{"line":2,"column":15},"end":{"line":2,"column":31}},"2":{"start":{"line":3,"column":26},"end":{"line":3,"column":69}},"3":{"start":{"line":6,"column":0},"end":{"line":6,"column":48}},"4":{"start":{"line":9,"column":0},"end":{"line":9,"column":47}},"5":{"start":{"line":11,"column":0},"end":{"line":11,"column":24}}},"fnMap":{},"branchMap":{},"s":{"0":1,"1":1,"2":1,"3":1,"4":1,"5":1},"f":{},"b":{},"_coverageSchema":"1a1c01bbd47fc00a2c39e90264f33305004495a9","hash":"0ef0d08d21a5381e347b88e809aa346d857fd6a8"}
,"/home/akhilesh/Real-time_ChatApplication/src/utils/authUtils.js": {"path":"/home/akhilesh/Real-time_ChatApplication/src/utils/authUtils.js","statementMap":{"0":{"start":{"line":1,"column":12},"end":{"line":1,"column":35}},"1":{"start":{"line":4,"column":21},"end":{"line":4,"column":49}},"2":{"start":{"line":5,"column":16},"end":{"line":5,"column":54}},"3":{"start":{"line":6,"column":2},"end":{"line":8,"column":3}},"4":{"start":{"line":7,"column":4},"end":{"line":7,"column":59}},"5":{"start":{"line":9,"column":2},"end":{"line":15,"column":5}},"6":{"start":{"line":10,"column":4},"end":{"line":12,"column":5}},"7":{"start":{"line":11,"column":6},"end":{"line":11,"column":58}},"8":{"start":{"line":13,"column":4},"end":{"line":13,"column":29}},"9":{"start":{"line":14,"column":4},"end":{"line":14,"column":11}},"10":{"start":{"line":18,"column":0},"end":{"line":20,"column":2}}},"fnMap":{"0":{"name":"authenticateToken","decl":{"start":{"line":3,"column":9},"end":{"line":3,"column":26}},"loc":{"start":{"line":3,"column":43},"end":{"line":16,"column":1}},"line":3},"1":{"name":"(anonymous_1)","decl":{"start":{"line":9,"column":44},"end":{"line":9,"column":45}},"loc":{"start":{"line":9,"column":59},"end":{"line":15,"column":3}},"line":9}},"branchMap":{"0":{"loc":{"start":{"line":5,"column":16},"end":{"line":5,"column":54}},"type":"binary-expr","locations":[{"start":{"line":5,"column":16},"end":{"line":5,"column":26}},{"start":{"line":5,"column":30},"end":{"line":5,"column":54}}],"line":5},"1":{"loc":{"start":{"line":6,"column":2},"end":{"line":8,"column":3}},"type":"if","locations":[{"start":{"line":6,"column":2},"end":{"line":8,"column":3}},{"start":{},"end":{}}],"line":6},"2":{"loc":{"start":{"line":10,"column":4},"end":{"line":12,"column":5}},"type":"if","locations":[{"start":{"line":10,"column":4},"end":{"line":12,"column":5}},{"start":{},"end":{}}],"line":10}},"s":{"0":1,"1":0,"2":0,"3":0,"4":0,"5":0,"6":0,"7":0,"8":0,"9":0,"10":1},"f":{"0":0,"1":0},"b":{"0":[0,0],"1":[0,0],"2":[0,0]},"_coverageSchema":"1a1c01bbd47fc00a2c39e90264f33305004495a9","hash":"a13e8c0f0758c7070fa88eac38e822064947304c"}
,"/home/akhilesh/Real-time_ChatApplication/src/utils/websocket.js": {"path":"/home/akhilesh/Real-time_ChatApplication/src/utils/websocket.js","statementMap":{"0":{"start":{"line":1,"column":18},"end":{"line":1,"column":31}},"1":{"start":{"line":4,"column":14},"end":{"line":4,"column":46}},"2":{"start":{"line":6,"column":2},"end":{"line":13,"column":5}},"3":{"start":{"line":7,"column":4},"end":{"line":7,"column":46}},"4":{"start":{"line":9,"column":4},"end":{"line":12,"column":7}},"5":{"start":{"line":10,"column":6},"end":{"line":10,"column":48}},"6":{"start":{"line":11,"column":6},"end":{"line":11,"column":37}},"7":{"start":{"line":15,"column":2},"end":{"line":15,"column":13}},"8":{"start":{"line":19,"column":4},"end":{"line":19,"column":46}},"9":{"start":{"line":20,"column":2},"end":{"line":24,"column":5}},"10":{"start":{"line":21,"column":4},"end":{"line":23,"column":5}},"11":{"start":{"line":22,"column":6},"end":{"line":22,"column":27}},"12":{"start":{"line":27,"column":0},"end":{"line":27,"column":59}}},"fnMap":{"0":{"name":"initializeWebSocket","decl":{"start":{"line":3,"column":9},"end":{"line":3,"column":28}},"loc":{"start":{"line":3,"column":37},"end":{"line":16,"column":1}},"line":3},"1":{"name":"(anonymous_1)","decl":{"start":{"line":6,"column":23},"end":{"line":6,"column":24}},"loc":{"start":{"line":6,"column":31},"end":{"line":13,"column":3}},"line":6},"2":{"name":"(anonymous_2)","decl":{"start":{"line":9,"column":21},"end":{"line":9,"column":22}},"loc":{"start":{"line":9,"column":34},"end":{"line":12,"column":5}},"line":9},"3":{"name":"broadcastMessage","decl":{"start":{"line":18,"column":9},"end":{"line":18,"column":25}},"loc":{"start":{"line":18,"column":40},"end":{"line":25,"column":1}},"line":18},"4":{"name":"(anonymous_4)","decl":{"start":{"line":20,"column":22},"end":{"line":20,"column":23}},"loc":{"start":{"line":20,"column":34},"end":{"line":24,"column":3}},"line":20}},"branchMap":{"0":{"loc":{"start":{"line":21,"column":4},"end":{"line":23,"column":5}},"type":"if","locations":[{"start":{"line":21,"column":4},"end":{"line":23,"column":5}},{"start":{},"end":{}}],"line":21}},"s":{"0":1,"1":0,"2":0,"3":0,"4":0,"5":0,"6":0,"7":0,"8":0,"9":0,"10":0,"11":0,"12":1},"f":{"0":0,"1":0,"2":0,"3":0,"4":0},"b":{"0":[0,0]},"_coverageSchema":"1a1c01bbd47fc00a2c39e90264f33305004495a9","hash":"848e10584a26bd8563d8a1fd327ab515d64eb851"}
,"/home/akhilesh/Real-time_ChatApplication/src/utils/kafkaUtils/kafkaConfig.js": {"path":"/home/akhilesh/Real-time_ChatApplication/src/utils/kafkaUtils/kafkaConfig.js","statementMap":{"0":{"start":{"line":1,"column":18},"end":{"line":1,"column":36}},"1":{"start":{"line":3,"column":14},"end":{"line":6,"column":2}},"2":{"start":{"line":8,"column":0},"end":{"line":10,"column":2}}},"fnMap":{},"branchMap":{},"s":{"0":2,"1":2,"2":2},"f":{},"b":{},"_coverageSchema":"1a1c01bbd47fc00a2c39e90264f33305004495a9","hash":"7e0383057313964b372c226b84e8e78f463cbb06"}
,"/home/akhilesh/Real-time_ChatApplication/src/utils/kafkaUtils/kafkaConsumer.js": {"path":"/home/akhilesh/Real-time_ChatApplication/src/utils/kafkaUtils/kafkaConsumer.js","statementMap":{"0":{"start":{"line":1,"column":18},"end":{"line":1,"column":36}},"1":{"start":{"line":2,"column":15},"end":{"line":2,"column":39}},"2":{"start":{"line":5,"column":2},"end":{"line":19,"column":3}},"3":{"start":{"line":6,"column":21},"end":{"line":6,"column":69}},"4":{"start":{"line":7,"column":4},"end":{"line":7,"column":29}},"5":{"start":{"line":8,"column":4},"end":{"line":8,"column":61}},"6":{"start":{"line":10,"column":4},"end":{"line":16,"column":7}},"7":{"start":{"line":12,"column":8},"end":{"line":14,"column":11}},"8":{"start":{"line":18,"column":4},"end":{"line":18,"column":54}},"9":{"start":{"line":22,"column":0},"end":{"line":22,"column":33}}},"fnMap":{"0":{"name":"consumeMessages","decl":{"start":{"line":4,"column":15},"end":{"line":4,"column":30}},"loc":{"start":{"line":4,"column":38},"end":{"line":20,"column":1}},"line":4},"1":{"name":"(anonymous_1)","decl":{"start":{"line":11,"column":19},"end":{"line":11,"column":20}},"loc":{"start":{"line":11,"column":60},"end":{"line":15,"column":7}},"line":11}},"branchMap":{},"s":{"0":2,"1":2,"2":2,"3":2,"4":2,"5":1,"6":1,"7":1,"8":0,"9":2},"f":{"0":2,"1":1},"b":{},"_coverageSchema":"1a1c01bbd47fc00a2c39e90264f33305004495a9","hash":"c2e80d375594a87b25e0604ba0e2698d5722cced"}
,"/home/akhilesh/Real-time_ChatApplication/src/utils/kafkaUtils/kafkaProducer.js": {"path":"/home/akhilesh/Real-time_ChatApplication/src/utils/kafkaUtils/kafkaProducer.js","statementMap":{"0":{"start":{"line":1,"column":18},"end":{"line":1,"column":36}},"1":{"start":{"line":2,"column":15},"end":{"line":2,"column":39}},"2":{"start":{"line":5,"column":2},"end":{"line":16,"column":3}},"3":{"start":{"line":6,"column":21},"end":{"line":6,"column":44}},"4":{"start":{"line":7,"column":4},"end":{"line":7,"column":29}},"5":{"start":{"line":8,"column":4},"end":{"line":11,"column":7}},"6":{"start":{"line":12,"column":4},"end":{"line":12,"column":45}},"7":{"start":{"line":13,"column":4},"end":{"line":13,"column":32}},"8":{"start":{"line":15,"column":4},"end":{"line":15,"column":53}},"9":{"start":{"line":19,"column":0},"end":{"line":19,"column":32}}},"fnMap":{"0":{"name":"produceMessage","decl":{"start":{"line":4,"column":15},"end":{"line":4,"column":29}},"loc":{"start":{"line":4,"column":46},"end":{"line":17,"column":1}},"line":4}},"branchMap":{},"s":{"0":2,"1":2,"2":2,"3":2,"4":2,"5":1,"6":1,"7":1,"8":0,"9":2},"f":{"0":2},"b":{},"_coverageSchema":"1a1c01bbd47fc00a2c39e90264f33305004495a9","hash":"7e85d13b6ef6fa2d1be01c551321d049b244ba43"}
,"/home/akhilesh/Real-time_ChatApplication/src/utils/redisUtils/redisConfig.js": {"path":"/home/akhilesh/Real-time_ChatApplication/src/utils/redisUtils/redisConfig.js","statementMap":{"0":{"start":{"line":1,"column":25},"end":{"line":1,"column":41}},"1":{"start":{"line":3,"column":20},"end":{"line":6,"column":2}},"2":{"start":{"line":9,"column":0},"end":{"line":11,"column":3}},"3":{"start":{"line":10,"column":2},"end":{"line":10,"column":36}},"4":{"start":{"line":14,"column":0},"end":{"line":16,"column":3}},"5":{"start":{"line":15,"column":2},"end":{"line":15,"column":46}},"6":{"start":{"line":18,"column":0},"end":{"line":18,"column":29}}},"fnMap":{"0":{"name":"(anonymous_0)","decl":{"start":{"line":9,"column":26},"end":{"line":9,"column":27}},"loc":{"start":{"line":9,"column":32},"end":{"line":11,"column":1}},"line":9},"1":{"name":"(anonymous_1)","decl":{"start":{"line":14,"column":24},"end":{"line":14,"column":25}},"loc":{"start":{"line":14,"column":35},"end":{"line":16,"column":1}},"line":14}},"branchMap":{},"s":{"0":1,"1":1,"2":1,"3":0,"4":1,"5":0,"6":1},"f":{"0":0,"1":0},"b":{},"_coverageSchema":"1a1c01bbd47fc00a2c39e90264f33305004495a9","hash":"cb38d452f18c2378d58bd48aa55e5ca46dec4f7b"}
}
