TN:
SF:server.js
FN:20,testConnection
FN:40,setKeyValueInRedis
FN:79,getUsers
FN:93,(anonymous_3)
FN:97,(anonymous_4)
FN:99,(anonymous_5)
FN:104,(anonymous_6)
FN:117,(anonymous_7)
FN:119,(anonymous_8)
FN:132,(anonymous_9)
FN:142,(anonymous_10)
FN:148,(anonymous_11)
FNF:12
FNH:3
FNDA:1,testConnection
FNDA:1,setKeyValueInRedis
FNDA:1,getUsers
FNDA:0,(anonymous_3)
FNDA:0,(anonymous_4)
FNDA:0,(anonymous_5)
FNDA:0,(anonymous_6)
FNDA:0,(anonymous_7)
FNDA:0,(anonymous_8)
FNDA:0,(anonymous_9)
FNDA:0,(anonymous_10)
FNDA:0,(anonymous_11)
DA:1,1
DA:2,1
DA:3,1
DA:4,1
DA:5,1
DA:6,1
DA:7,1
DA:8,1
DA:9,1
DA:10,1
DA:11,1
DA:12,1
DA:13,1
DA:16,1
DA:21,1
DA:22,1
DA:23,0
DA:25,0
DA:30,1
DA:33,1
DA:34,1
DA:37,1
DA:38,1
DA:41,1
DA:42,1
DA:43,0
DA:44,0
DA:45,0
DA:46,0
DA:48,0
DA:52,1
DA:56,1
DA:59,1
DA:60,1
DA:63,1
DA:66,1
DA:71,1
DA:74,1
DA:75,1
DA:78,1
DA:80,1
DA:81,1
DA:82,0
DA:84,0
DA:88,1
DA:90,1
DA:93,1
DA:94,0
DA:97,0
DA:99,0
DA:100,0
DA:104,0
DA:105,0
DA:106,0
DA:107,0
DA:108,0
DA:113,0
DA:117,0
DA:118,0
DA:119,0
DA:120,0
DA:121,0
DA:122,0
DA:123,0
DA:125,0
DA:130,1
DA:132,1
DA:133,0
DA:142,1
DA:143,0
DA:144,0
DA:148,1
DA:149,0
LF:73
LH:42
BRDA:16,0,0,1
BRDA:16,0,1,0
BRDA:121,1,0,0
BRDA:121,1,1,0
BRF:4
BRH:1
end_of_record
TN:
SF:config/postgres.js
FNF:0
FNH:0
DA:1,2
DA:4,2
DA:10,2
LF:3
LH:3
BRF:0
BRH:0
end_of_record
TN:
SF:src/controllers/authController.js
FN:6,(anonymous_0)
FN:18,(anonymous_1)
FN:33,(anonymous_2)
FN:48,(anonymous_3)
FNF:4
FNH:1
FNDA:0,(anonymous_0)
FNDA:0,(anonymous_1)
FNDA:0,(anonymous_2)
FNDA:1,(anonymous_3)
DA:1,1
DA:2,1
DA:3,1
DA:5,1
DA:7,0
DA:8,0
DA:9,0
DA:10,0
DA:11,0
DA:13,0
DA:14,0
DA:19,0
DA:20,0
DA:21,0
DA:22,0
DA:23,0
DA:25,0
DA:26,0
DA:28,0
DA:29,0
DA:34,0
DA:36,0
DA:37,0
DA:38,0
DA:39,0
DA:41,0
DA:43,0
DA:44,0
DA:49,1
DA:51,1
DA:52,0
DA:54,0
DA:55,0
DA:61,1
LF:34
LH:7
BRDA:22,0,0,0
BRDA:22,0,1,0
BRDA:22,1,0,0
BRDA:22,1,1,0
BRDA:38,2,0,0
BRDA:38,2,1,0
BRF:6
BRH:0
end_of_record
TN:
SF:src/controllers/messageController.js
FN:4,(anonymous_0)
FN:15,(anonymous_1)
FNF:2
FNH:0
FNDA:0,(anonymous_0)
FNDA:0,(anonymous_1)
DA:1,1
DA:3,1
DA:5,0
DA:6,0
DA:7,0
DA:8,0
DA:10,0
DA:11,0
DA:16,0
DA:17,0
DA:18,0
DA:20,0
DA:21,0
DA:26,1
LF:14
LH:3
BRF:0
BRH:0
end_of_record
TN:
SF:src/models/messageModel.js
FN:20,(anonymous_0)
FNF:1
FNH:1
FNDA:1,(anonymous_0)
DA:1,1
DA:2,1
DA:4,1
DA:20,1
DA:21,1
DA:22,1
DA:23,0
DA:25,0
DA:26,0
DA:28,0
DA:32,1
LF:11
LH:7
BRF:0
BRH:0
end_of_record
TN:
SF:src/models/userModel.js
FN:20,(anonymous_0)
FNF:1
FNH:1
FNDA:1,(anonymous_0)
DA:1,1
DA:4,1
DA:7,1
DA:20,1
DA:21,1
DA:22,1
DA:23,0
DA:25,0
DA:26,0
DA:28,0
DA:32,1
LF:11
LH:7
BRF:0
BRH:0
end_of_record
TN:
SF:src/routes/authRoutes.js
FNF:0
FNH:0
DA:1,1
DA:2,1
DA:3,1
DA:4,1
DA:7,1
DA:10,1
DA:13,1
DA:16,1
DA:18,1
LF:9
LH:9
BRF:0
BRH:0
end_of_record
TN:
SF:src/routes/massageRoutes.js
FNF:0
FNH:0
DA:1,1
DA:2,1
DA:3,1
DA:6,1
DA:9,1
DA:11,1
LF:6
LH:6
BRF:0
BRH:0
end_of_record
TN:
SF:src/utils/authUtils.js
FN:3,authenticateToken
FN:9,(anonymous_1)
FNF:2
FNH:0
FNDA:0,authenticateToken
FNDA:0,(anonymous_1)
DA:1,1
DA:4,0
DA:5,0
DA:6,0
DA:7,0
DA:9,0
DA:10,0
DA:11,0
DA:13,0
DA:14,0
DA:18,1
LF:11
LH:2
BRDA:5,0,0,0
BRDA:5,0,1,0
BRDA:6,1,0,0
BRDA:6,1,1,0
BRDA:10,2,0,0
BRDA:10,2,1,0
BRF:6
BRH:0
end_of_record
TN:
SF:src/utils/websocket.js
FN:3,initializeWebSocket
FN:6,(anonymous_1)
FN:9,(anonymous_2)
FN:18,broadcastMessage
FN:20,(anonymous_4)
FNF:5
FNH:0
FNDA:0,initializeWebSocket
FNDA:0,(anonymous_1)
FNDA:0,(anonymous_2)
FNDA:0,broadcastMessage
FNDA:0,(anonymous_4)
DA:1,1
DA:4,0
DA:6,0
DA:7,0
DA:9,0
DA:10,0
DA:11,0
DA:15,0
DA:19,0
DA:20,0
DA:21,0
DA:22,0
DA:27,1
LF:13
LH:2
BRDA:21,0,0,0
BRDA:21,0,1,0
BRF:2
BRH:0
end_of_record
TN:
SF:src/utils/kafkaUtils/kafkaConfig.js
FNF:0
FNH:0
DA:1,2
DA:3,2
DA:8,2
LF:3
LH:3
BRF:0
BRH:0
end_of_record
TN:
SF:src/utils/kafkaUtils/kafkaConsumer.js
FN:4,consumeMessages
FN:11,(anonymous_1)
FNF:2
FNH:2
FNDA:2,consumeMessages
FNDA:1,(anonymous_1)
DA:1,2
DA:2,2
DA:5,2
DA:6,2
DA:7,2
DA:8,1
DA:10,1
DA:12,1
DA:18,0
DA:22,2
LF:10
LH:9
BRF:0
BRH:0
end_of_record
TN:
SF:src/utils/kafkaUtils/kafkaProducer.js
FN:4,produceMessage
FNF:1
FNH:1
FNDA:2,produceMessage
DA:1,2
DA:2,2
DA:5,2
DA:6,2
DA:7,2
DA:8,1
DA:12,1
DA:13,1
DA:15,0
DA:19,2
LF:10
LH:9
BRF:0
BRH:0
end_of_record
TN:
SF:src/utils/redisUtils/redisConfig.js
FN:9,(anonymous_0)
FN:14,(anonymous_1)
FNF:2
FNH:0
FNDA:0,(anonymous_0)
FNDA:0,(anonymous_1)
DA:1,1
DA:3,1
DA:9,1
DA:10,0
DA:14,1
DA:15,0
DA:18,1
LF:7
LH:5
BRF:0
BRH:0
end_of_record
